[2025-06-19 15:59:33,463]  13 root - INFO - Initiating Data Ingestion
[2025-06-19 15:59:34,731]  45 root - INFO - Fetched 11055 records from MongoDB collection 'NetworkData' in database 'Mongdb'
[2025-06-19 15:59:34,777]  61 root - INFO - Exported data into feature store at: Artifaces\06_19_2025_15_59_33\data_ingestion\feature_store\phisingData.csv
[2025-06-19 15:59:34,779]  74 root - INFO - Performed train-test split with test size = 0.2
[2025-06-19 15:59:34,830]  84 root - INFO - Training data saved at: Artifaces\06_19_2025_15_59_33\data_ingestion\ingested\train.csv
[2025-06-19 15:59:34,830]  85 root - INFO - Testing data saved at: Artifaces\06_19_2025_15_59_33\data_ingestion\ingested\test.csv
[2025-06-19 15:59:34,832]  110 root - INFO - Data ingestion completed successfully.
[2025-06-19 15:59:34,832]  15 root - INFO - data initiation completed
[2025-06-19 15:59:34,836]  18 root - INFO - Initiate Data Validation
[2025-06-19 15:59:34,876]  29 root - INFO - Required number of columns:2
[2025-06-19 15:59:34,876]  30 root - INFO - Data frame has columns:31
[2025-06-19 15:59:34,876]  29 root - INFO - Required number of columns:2
[2025-06-19 15:59:34,876]  30 root - INFO - Data frame has columns:31
[2025-06-19 15:59:34,876]  40 root - INFO - Numerical column names:['having_IP_Address', 'URL_Length', 'Shortining_Service', 'having_At_Symbol', 'double_slash_redirecting', 'Prefix_Suffix', 'having_Sub_Domain', 'SSLfinal_State', 'Domain_registeration_length', 'Favicon', 'port', 'HTTPS_token', 'Request_URL', 'URL_of_Anchor', 'Links_in_tags', 'SFH', 'Submitting_to_email', 'Abnormal_URL', 'Redirect', 'on_mouseover', 'RightClick', 'popUpWidnow', 'Iframe', 'age_of_domain', 'DNSRecord', 'web_traffic', 'Page_Rank', 'Google_Index', 'Links_pointing_to_page', 'Statistical_report', 'Result']
[2025-06-19 15:59:34,876]  40 root - INFO - Numerical column names:['having_IP_Address', 'URL_Length', 'Shortining_Service', 'having_At_Symbol', 'double_slash_redirecting', 'Prefix_Suffix', 'having_Sub_Domain', 'SSLfinal_State', 'Domain_registeration_length', 'Favicon', 'port', 'HTTPS_token', 'Request_URL', 'URL_of_Anchor', 'Links_in_tags', 'SFH', 'Submitting_to_email', 'Abnormal_URL', 'Redirect', 'on_mouseover', 'RightClick', 'popUpWidnow', 'Iframe', 'age_of_domain', 'DNSRecord', 'web_traffic', 'Page_Rank', 'Google_Index', 'Links_pointing_to_page', 'Statistical_report', 'Result']
[2025-06-19 15:59:34,995]  22 root - INFO - Data validation complete
[2025-06-19 15:59:34,995]  23 root - INFO -  Data Transformation starting
[2025-06-19 15:59:34,995]  51 root - INFO - Initiating data transformation
[2025-06-19 15:59:35,015]  42 root - INFO - Creating data transformer pipeline with KNN Imputer
[2025-06-19 15:59:35,024]  40 root - INFO - Entered the save_object method
[2025-06-19 15:59:35,026]  44 root - INFO - Exited the save_object method
